<?xml version="1.0" encoding="UTF-8"?>
<testsuite xmlns:xsi="http://www.w3.org/2001/XMLSchema-instance" xsi:noNamespaceSchemaLocation="https://maven.apache.org/surefire/maven-surefire-plugin/xsd/surefire-test-report.xsd" version="3.0.2" name="LidarDataBaseTest" time="0.029" tests="1" errors="0" skipped="0" failures="0">
  <properties>
    <property name="java.specification.version" value="23"/>
    <property name="sun.jnu.encoding" value="UTF-8"/>
    <property name="java.class.path" value="/Users/tomerhamuel/year 2/SPL/Skeleton/target/test-classes:/Users/tomerhamuel/year 2/SPL/Skeleton/target/classes:/Users/tomerhamuel/.m2/repository/com/google/code/gson/gson/2.11.0/gson-2.11.0.jar:/Users/tomerhamuel/.m2/repository/com/google/errorprone/error_prone_annotations/2.27.0/error_prone_annotations-2.27.0.jar:/Users/tomerhamuel/.m2/repository/org/junit/jupiter/junit-jupiter-api/5.11.4/junit-jupiter-api-5.11.4.jar:/Users/tomerhamuel/.m2/repository/org/opentest4j/opentest4j/1.3.0/opentest4j-1.3.0.jar:/Users/tomerhamuel/.m2/repository/org/junit/platform/junit-platform-commons/1.11.4/junit-platform-commons-1.11.4.jar:/Users/tomerhamuel/.m2/repository/org/apiguardian/apiguardian-api/1.1.2/apiguardian-api-1.1.2.jar:/Users/tomerhamuel/.m2/repository/org/junit/jupiter/junit-jupiter-engine/5.11.4/junit-jupiter-engine-5.11.4.jar:/Users/tomerhamuel/.m2/repository/org/junit/platform/junit-platform-engine/1.11.4/junit-platform-engine-1.11.4.jar:"/>
    <property name="java.vm.vendor" value="Oracle Corporation"/>
    <property name="sun.arch.data.model" value="64"/>
    <property name="java.vendor.url" value="https://java.oracle.com/"/>
    <property name="os.name" value="Mac OS X"/>
    <property name="java.vm.specification.version" value="23"/>
    <property name="user.country" value="IL"/>
    <property name="sun.java.launcher" value="SUN_STANDARD"/>
    <property name="sun.boot.library.path" value="/Library/Java/JavaVirtualMachines/jdk-23.jdk/Contents/Home/lib"/>
    <property name="sun.java.command" value="/Users/tomerhamuel/year 2/SPL/Skeleton/target/surefire/surefirebooter-20241226145042385_3.jar /Users/tomerhamuel/year 2/SPL/Skeleton/target/surefire 2024-12-26T14-50-42_358-jvmRun1 surefire-20241226145042385_1tmp surefire_0-20241226145042385_2tmp"/>
    <property name="http.nonProxyHosts" value="local|*.local|169.254/16|*.169.254/16"/>
    <property name="jdk.debug" value="release"/>
    <property name="test" value="LidarDataBaseTest#testLidarDataBaseInstance"/>
    <property name="surefire.test.class.path" value="/Users/tomerhamuel/year 2/SPL/Skeleton/target/test-classes:/Users/tomerhamuel/year 2/SPL/Skeleton/target/classes:/Users/tomerhamuel/.m2/repository/com/google/code/gson/gson/2.11.0/gson-2.11.0.jar:/Users/tomerhamuel/.m2/repository/com/google/errorprone/error_prone_annotations/2.27.0/error_prone_annotations-2.27.0.jar:/Users/tomerhamuel/.m2/repository/org/junit/jupiter/junit-jupiter-api/5.11.4/junit-jupiter-api-5.11.4.jar:/Users/tomerhamuel/.m2/repository/org/opentest4j/opentest4j/1.3.0/opentest4j-1.3.0.jar:/Users/tomerhamuel/.m2/repository/org/junit/platform/junit-platform-commons/1.11.4/junit-platform-commons-1.11.4.jar:/Users/tomerhamuel/.m2/repository/org/apiguardian/apiguardian-api/1.1.2/apiguardian-api-1.1.2.jar:/Users/tomerhamuel/.m2/repository/org/junit/jupiter/junit-jupiter-engine/5.11.4/junit-jupiter-engine-5.11.4.jar:/Users/tomerhamuel/.m2/repository/org/junit/platform/junit-platform-engine/1.11.4/junit-platform-engine-1.11.4.jar:"/>
    <property name="sun.cpu.endian" value="little"/>
    <property name="user.home" value="/Users/tomerhamuel"/>
    <property name="user.language" value="en"/>
    <property name="java.specification.vendor" value="Oracle Corporation"/>
    <property name="java.version.date" value="2024-10-15"/>
    <property name="java.home" value="/Library/Java/JavaVirtualMachines/jdk-23.jdk/Contents/Home"/>
    <property name="file.separator" value="/"/>
    <property name="basedir" value="/Users/tomerhamuel/year 2/SPL/Skeleton"/>
    <property name="java.vm.compressedOopsMode" value="Zero based"/>
    <property name="line.separator" value="&#10;"/>
    <property name="java.vm.specification.vendor" value="Oracle Corporation"/>
    <property name="java.specification.name" value="Java Platform API Specification"/>
    <property name="apple.awt.application.name" value="ForkedBooter"/>
    <property name="surefire.real.class.path" value="/Users/tomerhamuel/year 2/SPL/Skeleton/target/surefire/surefirebooter-20241226145042385_3.jar"/>
    <property name="sun.management.compiler" value="HotSpot 64-Bit Tiered Compilers"/>
    <property name="ftp.nonProxyHosts" value="local|*.local|169.254/16|*.169.254/16"/>
    <property name="java.runtime.version" value="23.0.1+11-39"/>
    <property name="user.name" value="tomerhamuel"/>
    <property name="stdout.encoding" value="UTF-8"/>
    <property name="path.separator" value=":"/>
    <property name="os.version" value="15.1"/>
    <property name="java.runtime.name" value="Java(TM) SE Runtime Environment"/>
    <property name="file.encoding" value="UTF-8"/>
    <property name="java.vm.name" value="Java HotSpot(TM) 64-Bit Server VM"/>
    <property name="maven.ext.class.path" value="/Users/tomerhamuel/.vscode/extensions/oracle.oracle-java-23.0.1/nbcode/java/maven-nblib/netbeans-eventspy.jar"/>
    <property name="localRepository" value="/Users/tomerhamuel/.m2/repository"/>
    <property name="java.vendor.url.bug" value="https://bugreport.java.com/bugreport/"/>
    <property name="java.io.tmpdir" value="/var/folders/0s/0lpx6d7s69z6swhyk07_xr740000gn/T/"/>
    <property name="java.version" value="23.0.1"/>
    <property name="user.dir" value="/Users/tomerhamuel/year 2/SPL/Skeleton"/>
    <property name="os.arch" value="aarch64"/>
    <property name="java.vm.specification.name" value="Java Virtual Machine Specification"/>
    <property name="native.encoding" value="UTF-8"/>
    <property name="java.library.path" value="/Users/tomerhamuel/Library/Java/Extensions:/Library/Java/Extensions:/Network/Library/Java/Extensions:/System/Library/Java/Extensions:/usr/lib/java:."/>
    <property name="java.vm.info" value="mixed mode, sharing"/>
    <property name="stderr.encoding" value="UTF-8"/>
    <property name="java.vendor" value="Oracle Corporation"/>
    <property name="java.vm.version" value="23.0.1+11-39"/>
    <property name="sun.io.unicode.encoding" value="UnicodeBig"/>
    <property name="socksNonProxyHosts" value="local|*.local|169.254/16|*.169.254/16"/>
    <property name="java.class.version" value="67.0"/>
  </properties>
  <testcase name="testLidarDataBaseInstance" classname="LidarDataBaseTest" time="0.022">
    <system-out><![CDATA[time: 2 id: Wall_1 points: [[0.1176, 3.6969, 0.104], [0.11362, 3.6039, 0.104]]
time: 4 id: Wall_3 points: [[3.0451, -0.38171, 0.104], [3.0637, -0.17392, 0.104]]
time: 4 id: Chair_Base_1 points: [[1.9834, -1.0048, 0.104], [1.7235, -0.71784, 0.104]]
time: 6 id: Wall_4 points: [[-2.5367, -3.3341, 0.104], [1.7926, -3.6804, 0.104]]
time: 6 id: Circular_Base_1 points: [[0.73042, -1.1781, 0.104], [0.49003, -1.1433, 0.104]]
time: 7 id: Door points: [[0.5, -2.1, 0.104], [0.8, -2.3, 0.104]]
time: 8 id: Wall_5 points: [[-3.6427, -1.071, 0.104], [-3.7119, -1.0673, 0.104]]
time: 10 id: Wall_1 points: [[0.5, 3.9, 0.104], [0.2, 3.7, 0.104]]
time: 12 id: Wall_3 points: [[3.1, -0.4, 0.104], [3.2, -0.2, 0.104]]
time: 14 id: Wall_5 points: [[-3.6, -1.0, 0.104], [-3.7, -1.1, 0.104]]
time: 16 id: Wall_4 points: [[-2.5, -3.3, 0.104], [1.8, -3.6, 0.104]]
time: 18 id: Chair_Base_1 points: [[1.9, -1.0, 0.104], [1.7, -0.7, 0.104]]
time: 20 id: Circular_Base_1 points: [[0.6, -0.9, 0.104], [0.3, -1.2, 0.104]]
]]></system-out>
  </testcase>
</testsuite>