<?xml version="1.0" encoding="UTF-8"?>
<testsuite xmlns:xsi="http://www.w3.org/2001/XMLSchema-instance" xsi:noNamespaceSchemaLocation="https://maven.apache.org/surefire/maven-surefire-plugin/xsd/surefire-test-report.xsd" version="3.0.2" name="CameraTests" time="0.032" tests="1" errors="0" skipped="0" failures="0">
  <properties>
    <property name="java.specification.version" value="23"/>
    <property name="sun.jnu.encoding" value="UTF-8"/>
    <property name="java.class.path" value="/Users/tomerhamuel/year 2/SPL/Skeleton/target/test-classes:/Users/tomerhamuel/year 2/SPL/Skeleton/target/classes:/Users/tomerhamuel/.m2/repository/com/google/code/gson/gson/2.11.0/gson-2.11.0.jar:/Users/tomerhamuel/.m2/repository/com/google/errorprone/error_prone_annotations/2.27.0/error_prone_annotations-2.27.0.jar:/Users/tomerhamuel/.m2/repository/org/junit/jupiter/junit-jupiter-api/5.11.4/junit-jupiter-api-5.11.4.jar:/Users/tomerhamuel/.m2/repository/org/opentest4j/opentest4j/1.3.0/opentest4j-1.3.0.jar:/Users/tomerhamuel/.m2/repository/org/junit/platform/junit-platform-commons/1.11.4/junit-platform-commons-1.11.4.jar:/Users/tomerhamuel/.m2/repository/org/apiguardian/apiguardian-api/1.1.2/apiguardian-api-1.1.2.jar:/Users/tomerhamuel/.m2/repository/org/junit/jupiter/junit-jupiter-engine/5.11.4/junit-jupiter-engine-5.11.4.jar:/Users/tomerhamuel/.m2/repository/org/junit/platform/junit-platform-engine/1.11.4/junit-platform-engine-1.11.4.jar:"/>
    <property name="java.vm.vendor" value="Oracle Corporation"/>
    <property name="sun.arch.data.model" value="64"/>
    <property name="java.vendor.url" value="https://java.oracle.com/"/>
    <property name="os.name" value="Mac OS X"/>
    <property name="java.vm.specification.version" value="23"/>
    <property name="user.country" value="IL"/>
    <property name="sun.java.launcher" value="SUN_STANDARD"/>
    <property name="sun.boot.library.path" value="/Library/Java/JavaVirtualMachines/jdk-23.jdk/Contents/Home/lib"/>
    <property name="sun.java.command" value="/Users/tomerhamuel/year 2/SPL/Skeleton/target/surefire/surefirebooter-20241229220253280_3.jar /Users/tomerhamuel/year 2/SPL/Skeleton/target/surefire 2024-12-29T22-02-53_246-jvmRun1 surefire-20241229220253280_1tmp surefire_0-20241229220253280_2tmp"/>
    <property name="http.nonProxyHosts" value="local|*.local|169.254/16|*.169.254/16"/>
    <property name="jdk.debug" value="release"/>
    <property name="test" value="CameraTests"/>
    <property name="surefire.test.class.path" value="/Users/tomerhamuel/year 2/SPL/Skeleton/target/test-classes:/Users/tomerhamuel/year 2/SPL/Skeleton/target/classes:/Users/tomerhamuel/.m2/repository/com/google/code/gson/gson/2.11.0/gson-2.11.0.jar:/Users/tomerhamuel/.m2/repository/com/google/errorprone/error_prone_annotations/2.27.0/error_prone_annotations-2.27.0.jar:/Users/tomerhamuel/.m2/repository/org/junit/jupiter/junit-jupiter-api/5.11.4/junit-jupiter-api-5.11.4.jar:/Users/tomerhamuel/.m2/repository/org/opentest4j/opentest4j/1.3.0/opentest4j-1.3.0.jar:/Users/tomerhamuel/.m2/repository/org/junit/platform/junit-platform-commons/1.11.4/junit-platform-commons-1.11.4.jar:/Users/tomerhamuel/.m2/repository/org/apiguardian/apiguardian-api/1.1.2/apiguardian-api-1.1.2.jar:/Users/tomerhamuel/.m2/repository/org/junit/jupiter/junit-jupiter-engine/5.11.4/junit-jupiter-engine-5.11.4.jar:/Users/tomerhamuel/.m2/repository/org/junit/platform/junit-platform-engine/1.11.4/junit-platform-engine-1.11.4.jar:"/>
    <property name="sun.cpu.endian" value="little"/>
    <property name="user.home" value="/Users/tomerhamuel"/>
    <property name="user.language" value="en"/>
    <property name="java.specification.vendor" value="Oracle Corporation"/>
    <property name="java.version.date" value="2024-10-15"/>
    <property name="java.home" value="/Library/Java/JavaVirtualMachines/jdk-23.jdk/Contents/Home"/>
    <property name="file.separator" value="/"/>
    <property name="basedir" value="/Users/tomerhamuel/year 2/SPL/Skeleton"/>
    <property name="java.vm.compressedOopsMode" value="Zero based"/>
    <property name="line.separator" value="&#10;"/>
    <property name="java.vm.specification.vendor" value="Oracle Corporation"/>
    <property name="java.specification.name" value="Java Platform API Specification"/>
    <property name="apple.awt.application.name" value="ForkedBooter"/>
    <property name="surefire.real.class.path" value="/Users/tomerhamuel/year 2/SPL/Skeleton/target/surefire/surefirebooter-20241229220253280_3.jar"/>
    <property name="sun.management.compiler" value="HotSpot 64-Bit Tiered Compilers"/>
    <property name="ftp.nonProxyHosts" value="local|*.local|169.254/16|*.169.254/16"/>
    <property name="java.runtime.version" value="23.0.1+11-39"/>
    <property name="user.name" value="tomerhamuel"/>
    <property name="stdout.encoding" value="UTF-8"/>
    <property name="path.separator" value=":"/>
    <property name="os.version" value="15.1"/>
    <property name="java.runtime.name" value="Java(TM) SE Runtime Environment"/>
    <property name="file.encoding" value="UTF-8"/>
    <property name="java.vm.name" value="Java HotSpot(TM) 64-Bit Server VM"/>
    <property name="maven.ext.class.path" value="/Users/tomerhamuel/.vscode/extensions/oracle.oracle-java-23.0.1/nbcode/java/maven-nblib/netbeans-eventspy.jar"/>
    <property name="localRepository" value="/Users/tomerhamuel/.m2/repository"/>
    <property name="java.vendor.url.bug" value="https://bugreport.java.com/bugreport/"/>
    <property name="java.io.tmpdir" value="/var/folders/0s/0lpx6d7s69z6swhyk07_xr740000gn/T/"/>
    <property name="java.version" value="23.0.1"/>
    <property name="user.dir" value="/Users/tomerhamuel/year 2/SPL/Skeleton"/>
    <property name="os.arch" value="aarch64"/>
    <property name="java.vm.specification.name" value="Java Virtual Machine Specification"/>
    <property name="native.encoding" value="UTF-8"/>
    <property name="java.library.path" value="/Users/tomerhamuel/Library/Java/Extensions:/Library/Java/Extensions:/Network/Library/Java/Extensions:/System/Library/Java/Extensions:/usr/lib/java:."/>
    <property name="java.vm.info" value="mixed mode, sharing"/>
    <property name="stderr.encoding" value="UTF-8"/>
    <property name="java.vendor" value="Oracle Corporation"/>
    <property name="java.vm.version" value="23.0.1+11-39"/>
    <property name="sun.io.unicode.encoding" value="UnicodeBig"/>
    <property name="socksNonProxyHosts" value="local|*.local|169.254/16|*.169.254/16"/>
    <property name="java.class.version" value="67.0"/>
  </properties>
  <testcase name="setUp" classname="CameraTests" time="0.025">
    <system-out><![CDATA[objs size: 13
Time: 1
Detected Objects:
  - ID: Wall_2, Description: Wall

Time: 2
Detected Objects:
  - ID: Wall_1, Description: Wall
  - ID: Door_1, Description: Door
  - ID: Wall_2, Description: Wall

Time: 3
Detected Objects:
  - ID: Wall_3, Description: Wall
  - ID: Wall_4, Description: Wall
  - ID: Chair_Base_1, Description: Chair Base

Time: 4
Detected Objects:
  - ID: Chair_Base_1, Description: Chair Base
  - ID: Circular_Base_1, Description: Circular Base

Time: 5
Detected Objects:
  - ID: Door_1, Description: Door
  - ID: Circular_Base_1, Description: Circular Base

Time: 6
Detected Objects:
  - ID: furniture_1, Description: A White Wooden Closet
  - ID: furniture_2, Description: A Drawer unit

Time: 7
Detected Objects:
  - ID: furniture_1, Description: A White Wooden Closet
  - ID: furniture_2, Description: A Drawer unit
  - ID: furniture_3, Description: Bed

Time: 8
Detected Objects:
  - ID: Chair_Base_2, Description: A Blue Chair with wooden legs
  - ID: ERROR, Description: GLaDOS has repurposed the robot to conduct endless cake-fetching tests. Success is a lie.
  - ID: furniture_3, Description: Bed

Time: 9
Detected Objects:
  - ID: Bin, Description: A bin

Time: 10
Detected Objects:
  - ID: Wall_3, Description: Wall
  - ID: Wall_4, Description: Wall

Time: 11
Detected Objects:
  - ID: Circular_Base_1, Description: Circular Base

Time: 12
Detected Objects:

Time: 13
Detected Objects:
  - ID: Wall_1, Description: Wall
  - ID: Wall_2, Description: Wall

result --->>       Time: 2
Detected Objects:
  - ID: Wall_1, Description: Wall
  - ID: Door_1, Description: Door
  - ID: Wall_2, Description: Wall

]]></system-out>
  </testcase>
</testsuite>